2015-05-25 11:19:42：****************************异常文本****************************
【呈现时候】：2015-05-25 11:19:42
【异常类型】：FileLoadException
【异常信息】：未能加载文件或程序集“MySql.Data, Version=6.6.4.0, Culture=neutral, PublicKeyToken=c5687fc88969c44d”或它的某一个依赖项。找到的程序集清单定义与程序集引用不匹配。 (异常来自 HRESULT:0x80131040)
【堆栈调用】：   在 ServiceStack.OrmLite.MySql.MySqlDialectProvider.CreateConnection(String connectionString, Dictionary`2 options)
   在 ServiceStack.OrmLite.OrmLiteConfig.ToDbConnection(String dbConnectionStringOrFilePath, IOrmLiteDialectProvider dialectProvider)
   在 ServiceStack.OrmLite.OrmLiteConnection.get_DbConnection()
   在 ServiceStack.OrmLite.OrmLiteConnection.Open()
   在 ServiceStack.OrmLite.OrmLiteConnectionFactory.OpenDbConnection()
   在 Utility.DBUtility.DbHelperMySQL.OpenSphinxConnection() 位置 E:\TCPServer\Utility\DBUtility\DbHelperMySQL.cs:行号 63
   在 Utility.KyDataOperation.TestConnectServer() 位置 E:\TCPServer\Utility\KyDataOperation.cs:行号 730
【异常办法】：System.Data.IDbConnection CreateConnection(System.String, System.Collections.Generic.Dictionary`2[System.String,System.String])
***************************************************************

2015-05-25 11:21:01：****************************异常文本****************************
【呈现时候】：2015-05-25 11:21:01
【异常类型】：FileLoadException
【异常信息】：未能加载文件或程序集“MySql.Data, Version=6.6.4.0, Culture=neutral, PublicKeyToken=c5687fc88969c44d”或它的某一个依赖项。找到的程序集清单定义与程序集引用不匹配。 (异常来自 HRESULT:0x80131040)
【堆栈调用】：   在 ServiceStack.OrmLite.MySql.MySqlDialectProvider.CreateConnection(String connectionString, Dictionary`2 options)
   在 ServiceStack.OrmLite.OrmLiteConfig.ToDbConnection(String dbConnectionStringOrFilePath, IOrmLiteDialectProvider dialectProvider)
   在 ServiceStack.OrmLite.OrmLiteConnection.get_DbConnection()
   在 ServiceStack.OrmLite.OrmLiteConnection.Open()
   在 ServiceStack.OrmLite.OrmLiteConnectionFactory.OpenDbConnection()
   在 Utility.DBUtility.DbHelperMySQL.OpenSphinxConnection() 位置 E:\TCPServer\Utility\DBUtility\DbHelperMySQL.cs:行号 63
   在 Utility.KyDataOperation.TestConnectServer() 位置 E:\TCPServer\Utility\KyDataOperation.cs:行号 730
【异常办法】：System.Data.IDbConnection CreateConnection(System.String, System.Collections.Generic.Dictionary`2[System.String,System.String])
***************************************************************

2015-05-25 15:15:16：****************************异常文本****************************
【呈现时候】：2015-05-25 15:15:16
【异常类型】：MySqlException
【异常信息】：Unknown column 'startBusinessCtl' in 'field list'
【堆栈调用】：   在 MySql.Data.MySqlClient.MySqlStream.ReadPacket()
   在 MySql.Data.MySqlClient.NativeDriver.GetResult(Int32& affectedRow, Int64& insertedId)
   在 MySql.Data.MySqlClient.Driver.GetResult(Int32 statementId, Int32& affectedRows, Int64& insertedId)
   在 MySql.Data.MySqlClient.Driver.NextResult(Int32 statementId, Boolean force)
   在 MySql.Data.MySqlClient.MySqlDataReader.NextResult()
   在 MySql.Data.MySqlClient.MySqlCommand.ExecuteReader(CommandBehavior behavior)
   在 MySql.Data.MySqlClient.MySqlCommand.ExecuteDbDataReader(CommandBehavior behavior)
   在 System.Data.Common.DbCommand.System.Data.IDbCommand.ExecuteReader()
   在 ServiceStack.OrmLite.OrmLiteReadExtensions.ExecReader(IDbCommand dbCmd, String sql)
   在 ServiceStack.OrmLite.OrmLiteReadExtensions.Select[T](IDbCommand dbCmd, String sqlFilter, Object[] filterParams)
   在 ServiceStack.OrmLite.OrmLiteReadExtensions.Select[T](IDbCommand dbCmd)
   在 ServiceStack.OrmLite.OrmLiteReadConnectionExtensions.<Select>b__0[T](IDbCommand dbCmd)
   在 ServiceStack.OrmLite.ReadConnectionExtensions.Exec[T](IDbConnection dbConn, Func`2 filter)
   在 ServiceStack.OrmLite.OrmLiteReadConnectionExtensions.Select[T](IDbConnection dbConn)
   在 Utility.KyDataOperation.TestConnectDevice() 位置 E:\TCPServer\Utility\KyDataOperation.cs:行号 753
【异常办法】：MySql.Data.MySqlClient.MySqlPacket ReadPacket()
***************************************************************

2015-05-25 20:23:08：****************************异常文本****************************
【呈现时候】：2015-05-25 20:23:08
【异常类型】：FileLoadException
【异常信息】：未能加载文件或程序集“MySql.Data, Version=6.6.4.0, Culture=neutral, PublicKeyToken=c5687fc88969c44d”或它的某一个依赖项。找到的程序集清单定义与程序集引用不匹配。 (异常来自 HRESULT:0x80131040)
【堆栈调用】：   在 ServiceStack.OrmLite.MySql.MySqlDialectProvider.CreateConnection(String connectionString, Dictionary`2 options)
   在 ServiceStack.OrmLite.OrmLiteConfig.ToDbConnection(String dbConnectionStringOrFilePath, IOrmLiteDialectProvider dialectProvider)
   在 ServiceStack.OrmLite.OrmLiteConnection.get_DbConnection()
   在 ServiceStack.OrmLite.OrmLiteConnection.Open()
   在 ServiceStack.OrmLite.OrmLiteConnectionFactory.OpenDbConnection()
   在 Utility.DBUtility.DbHelperMySQL.OpenSphinxConnection() 位置 E:\TCPServer\Utility\DBUtility\DbHelperMySQL.cs:行号 63
   在 Utility.KyDataOperation.TestConnectServer() 位置 E:\TCPServer\Utility\KyDataOperation.cs:行号 730
【异常办法】：System.Data.IDbConnection CreateConnection(System.String, System.Collections.Generic.Dictionary`2[System.String,System.String])
***************************************************************

