2015-05-27 19:55:07：****************************异常文本****************************
【呈现时候】：2015-05-27 19:55:07
【异常类型】：FormatException
【异常信息】：输入字符串的格式不正确。
【堆栈调用】：   在 System.Number.StringToNumber(String str, NumberStyles options, NumberBuffer& number, NumberFormatInfo info, Boolean parseDecimal)
   在 System.Number.ParseInt32(String s, NumberStyles style, NumberFormatInfo info)
   在 System.Convert.ToInt32(String value)
   在 MyTcpServer.TcpServer.BusinessControl(MyBusinessStatus myBusinessStatus, businessControl bControl) 位置 E:\TCPServer\TcpServer\TcpServer.cs:行号 439
   在 NodeServerAndManager.NodeManager.<SocketIoConnect>b__4(Object data) 位置 E:\TCPServer\NodeServerAndManager\NodeManager.cs:行号 774
   在 Quobject.EngineIoClientDotNet.ComponentEmitter.ListenerImpl.Call(Object[] args)
   在 Quobject.EngineIoClientDotNet.ComponentEmitter.Emitter.Emit(String eventString, Object[] args)
   在 Quobject.SocketIoClientDotNet.Client.Socket.OnEvent(Packet packet)
   在 Quobject.SocketIoClientDotNet.Client.Socket.OnPacket(Packet packet)
   在 Quobject.SocketIoClientDotNet.Client.Socket.<SubEvents>b__0(Object data)
   在 Quobject.EngineIoClientDotNet.ComponentEmitter.ListenerImpl.Call(Object[] args)
   在 Quobject.EngineIoClientDotNet.ComponentEmitter.Emitter.Emit(String eventString, Object[] args)
   在 Quobject.SocketIoClientDotNet.Client.Manager.OnDecoded(Packet packet)
   在 Quobject.SocketIoClientDotNet.Client.Manager.<OnOpen>b__8(Object data)
   在 Quobject.EngineIoClientDotNet.ComponentEmitter.ListenerImpl.Call(Object[] args)
   在 Quobject.EngineIoClientDotNet.ComponentEmitter.Emitter.Emit(String eventString, Object[] args)
   在 Quobject.SocketIoClientDotNet.Parser.Parser.Decoder.Add(String obj)
   在 Quobject.SocketIoClientDotNet.Client.Manager.OnData(String data)
   在 Quobject.SocketIoClientDotNet.Client.Manager.<OnOpen>b__7(Object data)
   在 Quobject.EngineIoClientDotNet.ComponentEmitter.ListenerImpl.Call(Object[] args)
   在 Quobject.EngineIoClientDotNet.ComponentEmitter.Emitter.Emit(String eventString, Object[] args)
   在 Quobject.EngineIoClientDotNet.Client.Socket.OnPacket(Packet packet)
   在 Quobject.EngineIoClientDotNet.Client.Socket.EventPacketListener.Quobject.EngineIoClientDotNet.ComponentEmitter.IListener.Call(Object[] args)
   在 Quobject.EngineIoClientDotNet.ComponentEmitter.Emitter.Emit(String eventString, Object[] args)
   在 Quobject.EngineIoClientDotNet.Client.Transport.OnPacket(Packet packet)
   在 Quobject.EngineIoClientDotNet.Client.Transport.OnData(String data)
   在 Quobject.EngineIoClientDotNet.Client.Transports.WebSocket.ws_MessageReceived(Object sender, MessageReceivedEventArgs e)
   在 WebSocket4Net.WebSocket.FireMessageReceived(String message)
   在 WebSocket4Net.Command.Text.ExecuteCommand(WebSocket session, WebSocketCommandInfo commandInfo)
   在 WebSocket4Net.WebSocket.ExecuteCommand(WebSocketCommandInfo commandInfo)
   在 WebSocket4Net.WebSocket.OnDataReceived(Byte[] data, Int32 offset, Int32 length)
   在 WebSocket4Net.WebSocket.client_DataReceived(Object sender, DataEventArgs e)
   在 SuperSocket.ClientEngine.ClientSession.OnDataReceived(Byte[] data, Int32 offset, Int32 length)
   在 SuperSocket.ClientEngine.AsyncTcpSession.ProcessReceive(SocketAsyncEventArgs e)
   在 SuperSocket.ClientEngine.AsyncTcpSession.SocketEventArgsCompleted(Object sender, SocketAsyncEventArgs e)
   在 System.Net.Sockets.SocketAsyncEventArgs.OnCompleted(SocketAsyncEventArgs e)
   在 System.Net.Sockets.SocketAsyncEventArgs.ExecutionCallback(Object ignored)
   在 System.Threading.ExecutionContext.RunInternal(ExecutionContext executionContext, ContextCallback callback, Object state, Boolean preserveSyncCtx)
   在 System.Threading.ExecutionContext.Run(ExecutionContext executionContext, ContextCallback callback, Object state, Boolean preserveSyncCtx)
   在 System.Threading.ExecutionContext.Run(ExecutionContext executionContext, ContextCallback callback, Object state)
   在 System.Net.Sockets.SocketAsyncEventArgs.FinishOperationSuccess(SocketError socketError, Int32 bytesTransferred, SocketFlags flags)
   在 System.Net.Sockets.SocketAsyncEventArgs.CompletionPortCallback(UInt32 errorCode, UInt32 numBytes, NativeOverlapped* nativeOverlapped)
   在 System.Threading._IOCompletionCallback.PerformIOCompletionCallback(UInt32 errorCode, UInt32 numBytes, NativeOverlapped* pOVERLAP)
【异常办法】：Void StringToNumber(System.String, System.Globalization.NumberStyles, NumberBuffer ByRef, System.Globalization.NumberFormatInfo, Boolean)
***************************************************************

2015-05-27 20:27:14：****************************异常文本****************************
【呈现时候】：2015-05-27 20:27:14
【异常类型】：DivideByZeroException
【异常信息】：尝试除以零。
【堆栈调用】：   在 KyModel.KyDataLayer2.DecompositionFile(String fsnFile, String desFolder, Int32 fileMaxRecord) 位置 E:\TCPServer\KyModel\KyDataLayer2.cs:行号 348
   在 MyTcpServer.TcpServer.BusinessControl(MyBusinessStatus myBusinessStatus, businessControl bControl) 位置 E:\TCPServer\TcpServer\TcpServer.cs:行号 458
   在 NodeServerAndManager.NodeManager.<SocketIoConnect>b__4(Object data) 位置 E:\TCPServer\NodeServerAndManager\NodeManager.cs:行号 757
   在 Quobject.EngineIoClientDotNet.ComponentEmitter.ListenerImpl.Call(Object[] args)
   在 Quobject.EngineIoClientDotNet.ComponentEmitter.Emitter.Emit(String eventString, Object[] args)
   在 Quobject.SocketIoClientDotNet.Client.Socket.OnEvent(Packet packet)
   在 Quobject.SocketIoClientDotNet.Client.Socket.OnPacket(Packet packet)
   在 Quobject.SocketIoClientDotNet.Client.Socket.<SubEvents>b__0(Object data)
   在 Quobject.EngineIoClientDotNet.ComponentEmitter.ListenerImpl.Call(Object[] args)
   在 Quobject.EngineIoClientDotNet.ComponentEmitter.Emitter.Emit(String eventString, Object[] args)
   在 Quobject.SocketIoClientDotNet.Client.Manager.OnDecoded(Packet packet)
   在 Quobject.SocketIoClientDotNet.Client.Manager.<OnOpen>b__8(Object data)
   在 Quobject.EngineIoClientDotNet.ComponentEmitter.ListenerImpl.Call(Object[] args)
   在 Quobject.EngineIoClientDotNet.ComponentEmitter.Emitter.Emit(String eventString, Object[] args)
   在 Quobject.SocketIoClientDotNet.Parser.Parser.Decoder.Add(String obj)
   在 Quobject.SocketIoClientDotNet.Client.Manager.OnData(String data)
   在 Quobject.SocketIoClientDotNet.Client.Manager.<OnOpen>b__7(Object data)
   在 Quobject.EngineIoClientDotNet.ComponentEmitter.ListenerImpl.Call(Object[] args)
   在 Quobject.EngineIoClientDotNet.ComponentEmitter.Emitter.Emit(String eventString, Object[] args)
   在 Quobject.EngineIoClientDotNet.Client.Socket.OnPacket(Packet packet)
   在 Quobject.EngineIoClientDotNet.Client.Socket.EventPacketListener.Quobject.EngineIoClientDotNet.ComponentEmitter.IListener.Call(Object[] args)
   在 Quobject.EngineIoClientDotNet.ComponentEmitter.Emitter.Emit(String eventString, Object[] args)
   在 Quobject.EngineIoClientDotNet.Client.Transport.OnPacket(Packet packet)
   在 Quobject.EngineIoClientDotNet.Client.Transport.OnData(String data)
   在 Quobject.EngineIoClientDotNet.Client.Transports.WebSocket.ws_MessageReceived(Object sender, MessageReceivedEventArgs e)
   在 WebSocket4Net.WebSocket.FireMessageReceived(String message)
   在 WebSocket4Net.Command.Text.ExecuteCommand(WebSocket session, WebSocketCommandInfo commandInfo)
   在 WebSocket4Net.WebSocket.ExecuteCommand(WebSocketCommandInfo commandInfo)
   在 WebSocket4Net.WebSocket.OnDataReceived(Byte[] data, Int32 offset, Int32 length)
   在 WebSocket4Net.WebSocket.client_DataReceived(Object sender, DataEventArgs e)
   在 SuperSocket.ClientEngine.ClientSession.OnDataReceived(Byte[] data, Int32 offset, Int32 length)
   在 SuperSocket.ClientEngine.AsyncTcpSession.ProcessReceive(SocketAsyncEventArgs e)
   在 SuperSocket.ClientEngine.AsyncTcpSession.SocketEventArgsCompleted(Object sender, SocketAsyncEventArgs e)
   在 System.Net.Sockets.SocketAsyncEventArgs.OnCompleted(SocketAsyncEventArgs e)
   在 System.Net.Sockets.SocketAsyncEventArgs.ExecutionCallback(Object ignored)
   在 System.Threading.ExecutionContext.RunInternal(ExecutionContext executionContext, ContextCallback callback, Object state, Boolean preserveSyncCtx)
   在 System.Threading.ExecutionContext.Run(ExecutionContext executionContext, ContextCallback callback, Object state, Boolean preserveSyncCtx)
   在 System.Threading.ExecutionContext.Run(ExecutionContext executionContext, ContextCallback callback, Object state)
   在 System.Net.Sockets.SocketAsyncEventArgs.FinishOperationSuccess(SocketError socketError, Int32 bytesTransferred, SocketFlags flags)
   在 System.Net.Sockets.SocketAsyncEventArgs.CompletionPortCallback(UInt32 errorCode, UInt32 numBytes, NativeOverlapped* nativeOverlapped)
   在 System.Threading._IOCompletionCallback.PerformIOCompletionCallback(UInt32 errorCode, UInt32 numBytes, NativeOverlapped* pOVERLAP)
【异常办法】：Void DecompositionFile(System.String, System.String, Int32)
***************************************************************

2015-05-27 20:34:57：****************************异常文本****************************
【呈现时候】：2015-05-27 20:34:57
【异常类型】：DbEntityValidationException
【异常信息】：Validation failed for one or more entities. See 'EntityValidationErrors' property for more details.
【堆栈调用】：   在 System.Data.Entity.Internal.InternalContext.SaveChanges()
   在 System.Data.Entity.Internal.LazyInternalContext.SaveChanges()
   在 System.Data.Entity.DbContext.SaveChanges()
   在 KyBll.KyDataOperation.InsertGzhPackage(ky_gzh_package gzh) 位置 E:\TCPServer\KyBll\KyDataOperation.cs:行号 711
   在 KyBll.SaveDataToDB.SaveKHDK(String gzhDirectory, ky_machine machine) 位置 E:\TCPServer\KyBll\SaveDataToDB.cs:行号 286
   在 MyTcpServer.TcpServer.BusinessControl(MyBusinessStatus myBusinessStatus, businessControl bControl) 位置 E:\TCPServer\TcpServer\TcpServer.cs:行号 460
   在 NodeServerAndManager.NodeManager.<SocketIoConnect>b__4(Object data) 位置 E:\TCPServer\NodeServerAndManager\NodeManager.cs:行号 757
   在 Quobject.EngineIoClientDotNet.ComponentEmitter.ListenerImpl.Call(Object[] args)
   在 Quobject.EngineIoClientDotNet.ComponentEmitter.Emitter.Emit(String eventString, Object[] args)
   在 Quobject.SocketIoClientDotNet.Client.Socket.OnEvent(Packet packet)
   在 Quobject.SocketIoClientDotNet.Client.Socket.OnPacket(Packet packet)
   在 Quobject.SocketIoClientDotNet.Client.Socket.<SubEvents>b__0(Object data)
   在 Quobject.EngineIoClientDotNet.ComponentEmitter.ListenerImpl.Call(Object[] args)
   在 Quobject.EngineIoClientDotNet.ComponentEmitter.Emitter.Emit(String eventString, Object[] args)
   在 Quobject.SocketIoClientDotNet.Client.Manager.OnDecoded(Packet packet)
   在 Quobject.SocketIoClientDotNet.Client.Manager.<OnOpen>b__8(Object data)
   在 Quobject.EngineIoClientDotNet.ComponentEmitter.ListenerImpl.Call(Object[] args)
   在 Quobject.EngineIoClientDotNet.ComponentEmitter.Emitter.Emit(String eventString, Object[] args)
   在 Quobject.SocketIoClientDotNet.Parser.Parser.Decoder.Add(String obj)
   在 Quobject.SocketIoClientDotNet.Client.Manager.OnData(String data)
   在 Quobject.SocketIoClientDotNet.Client.Manager.<OnOpen>b__7(Object data)
   在 Quobject.EngineIoClientDotNet.ComponentEmitter.ListenerImpl.Call(Object[] args)
   在 Quobject.EngineIoClientDotNet.ComponentEmitter.Emitter.Emit(String eventString, Object[] args)
   在 Quobject.EngineIoClientDotNet.Client.Socket.OnPacket(Packet packet)
   在 Quobject.EngineIoClientDotNet.Client.Socket.EventPacketListener.Quobject.EngineIoClientDotNet.ComponentEmitter.IListener.Call(Object[] args)
   在 Quobject.EngineIoClientDotNet.ComponentEmitter.Emitter.Emit(String eventString, Object[] args)
   在 Quobject.EngineIoClientDotNet.Client.Transport.OnPacket(Packet packet)
   在 Quobject.EngineIoClientDotNet.Client.Transport.OnData(String data)
   在 Quobject.EngineIoClientDotNet.Client.Transports.WebSocket.ws_MessageReceived(Object sender, MessageReceivedEventArgs e)
   在 WebSocket4Net.WebSocket.FireMessageReceived(String message)
   在 WebSocket4Net.Command.Text.ExecuteCommand(WebSocket session, WebSocketCommandInfo commandInfo)
   在 WebSocket4Net.WebSocket.ExecuteCommand(WebSocketCommandInfo commandInfo)
   在 WebSocket4Net.WebSocket.OnDataReceived(Byte[] data, Int32 offset, Int32 length)
   在 WebSocket4Net.WebSocket.client_DataReceived(Object sender, DataEventArgs e)
   在 SuperSocket.ClientEngine.ClientSession.OnDataReceived(Byte[] data, Int32 offset, Int32 length)
   在 SuperSocket.ClientEngine.AsyncTcpSession.ProcessReceive(SocketAsyncEventArgs e)
   在 SuperSocket.ClientEngine.AsyncTcpSession.SocketEventArgsCompleted(Object sender, SocketAsyncEventArgs e)
   在 System.Net.Sockets.SocketAsyncEventArgs.OnCompleted(SocketAsyncEventArgs e)
   在 System.Net.Sockets.SocketAsyncEventArgs.ExecutionCallback(Object ignored)
   在 System.Threading.ExecutionContext.RunInternal(ExecutionContext executionContext, ContextCallback callback, Object state, Boolean preserveSyncCtx)
   在 System.Threading.ExecutionContext.Run(ExecutionContext executionContext, ContextCallback callback, Object state, Boolean preserveSyncCtx)
   在 System.Threading.ExecutionContext.Run(ExecutionContext executionContext, ContextCallback callback, Object state)
   在 System.Net.Sockets.SocketAsyncEventArgs.FinishOperationSuccess(SocketError socketError, Int32 bytesTransferred, SocketFlags flags)
   在 System.Net.Sockets.SocketAsyncEventArgs.CompletionPortCallback(UInt32 errorCode, UInt32 numBytes, NativeOverlapped* nativeOverlapped)
   在 System.Threading._IOCompletionCallback.PerformIOCompletionCallback(UInt32 errorCode, UInt32 numBytes, NativeOverlapped* pOVERLAP)
【异常办法】：Int32 SaveChanges()
***************************************************************

