2015-05-22 08:42:23：****************************异常文本****************************
【呈现时候】：2015-05-22 8:42:22
【异常类型】：Exception
【异常信息】：Unable to connect to any of the specified MySQL hosts.
【堆栈调用】：   在 Utility.DBUtility.DbHelperMySQL.Query(String SQLString) 位置 E:\TCPServer\Utility\DBUtility\DbHelperMySQL.cs:行号 440
   在 Utility.KyDataOperation.TestConnectImage() 位置 E:\TCPServer\Utility\KyDataOperation.cs:行号 748
   在 NodeServerAndManager.BaseWinform.ServerSettings.lab_PictureTest_Click(Object sender, EventArgs e) 位置 E:\TCPServer\NodeServerAndManager\BaseWinform\ServerSettings.cs:行号 246
   在 System.Windows.Forms.Control.OnClick(EventArgs e)
   在 System.Windows.Forms.Control.WmMouseUp(Message& m, MouseButtons button, Int32 clicks)
   在 System.Windows.Forms.Control.WndProc(Message& m)
   在 System.Windows.Forms.Label.WndProc(Message& m)
   在 System.Windows.Forms.Control.ControlNativeWindow.OnMessage(Message& m)
   在 System.Windows.Forms.Control.ControlNativeWindow.WndProc(Message& m)
   在 System.Windows.Forms.NativeWindow.Callback(IntPtr hWnd, Int32 msg, IntPtr wparam, IntPtr lparam)
【异常办法】：System.Data.DataSet Query(System.String)
***************************************************************

2015-05-22 09:14:05：****************************异常文本****************************
【呈现时候】：2015-05-22 9:14:05
【异常类型】：Exception
【异常信息】：Unable to connect to any of the specified MySQL hosts.
【堆栈调用】：   在 Utility.DBUtility.DbHelperMySQL.Query(String SQLString) 位置 E:\TCPServer\Utility\DBUtility\DbHelperMySQL.cs:行号 440
   在 Utility.KyDataOperation.TestConnectImage() 位置 E:\TCPServer\Utility\KyDataOperation.cs:行号 752
   在 NodeServerAndManager.BaseWinform.ServerSettings.lab_PictureTest_Click(Object sender, EventArgs e) 位置 E:\TCPServer\NodeServerAndManager\BaseWinform\ServerSettings.cs:行号 246
   在 System.Windows.Forms.Control.OnClick(EventArgs e)
   在 System.Windows.Forms.Control.WmMouseUp(Message& m, MouseButtons button, Int32 clicks)
   在 System.Windows.Forms.Control.WndProc(Message& m)
   在 System.Windows.Forms.Label.WndProc(Message& m)
   在 System.Windows.Forms.Control.ControlNativeWindow.OnMessage(Message& m)
   在 System.Windows.Forms.Control.ControlNativeWindow.WndProc(Message& m)
   在 System.Windows.Forms.NativeWindow.Callback(IntPtr hWnd, Int32 msg, IntPtr wparam, IntPtr lparam)
【异常办法】：System.Data.DataSet Query(System.String)
***************************************************************

2015-05-22 11:10:49：****************************异常文本****************************
【呈现时候】：2015-05-22 11:10:49
【异常类型】：MySqlException
【异常信息】：Unknown column 'startBusinessCtl' in 'field list'
【堆栈调用】：   在 MySql.Data.MySqlClient.MySqlStream.ReadPacket()
   在 MySql.Data.MySqlClient.NativeDriver.GetResult(Int32& affectedRow, Int64& insertedId)
   在 MySql.Data.MySqlClient.Driver.GetResult(Int32 statementId, Int32& affectedRows, Int64& insertedId)
   在 MySql.Data.MySqlClient.Driver.NextResult(Int32 statementId, Boolean force)
   在 MySql.Data.MySqlClient.MySqlDataReader.NextResult()
   在 MySql.Data.MySqlClient.MySqlCommand.ExecuteReader(CommandBehavior behavior)
   在 MySql.Data.MySqlClient.MySqlCommand.ExecuteDbDataReader(CommandBehavior behavior)
   在 System.Data.Common.DbCommand.System.Data.IDbCommand.ExecuteReader()
   在 ServiceStack.OrmLite.OrmLiteCommand.ExecuteReader()
   在 ServiceStack.OrmLite.OrmLiteReadCommandExtensions.ExecReader(IDbCommand dbCmd, String sql)
   在 ServiceStack.OrmLite.OrmLiteResultsFilterExtensions.ExprConvertToList[T](IDbCommand dbCmd, String sql)
   在 ServiceStack.OrmLite.ReadExpressionCommandExtensions.Select[T](IDbCommand dbCmd, Expression`1 predicate)
   在 ServiceStack.OrmLite.OrmLiteReadExpressionsApi.<>c__DisplayClass1`1.<Select>b__0(IDbCommand dbCmd)
   在 ServiceStack.OrmLite.OrmLiteExecFilter.Exec[T](IDbConnection dbConn, Func`2 filter)
   在 ServiceStack.OrmLite.OrmLiteReadExpressionsApi.Exec[T](IDbConnection dbConn, Func`2 filter)
   在 ServiceStack.OrmLite.OrmLiteReadExpressionsApi.Select[T](IDbConnection dbConn, Expression`1 predicate)
   在 Utility.KyDataOperation.GetMachineWithNodeIds(Int32[] nodeIds) 位置 E:\TCPServer\Utility\KyDataOperation.cs:行号 310
   在 NodeServerAndManager.NodeManager.StartTcpServer() 位置 E:\TCPServer\NodeServerAndManager\NodeManager.cs:行号 123
   在 NodeServerAndManager.NodeManager.NodeManager_Load(Object sender, EventArgs e) 位置 E:\TCPServer\NodeServerAndManager\NodeManager.cs:行号 237
   在 System.Windows.Forms.Form.OnLoad(EventArgs e)
   在 System.Windows.Forms.Form.OnCreateControl()
   在 System.Windows.Forms.Control.CreateControl(Boolean fIgnoreVisible)
   在 System.Windows.Forms.Control.CreateControl()
   在 System.Windows.Forms.Control.WmShowWindow(Message& m)
   在 System.Windows.Forms.Control.WndProc(Message& m)
   在 System.Windows.Forms.ScrollableControl.WndProc(Message& m)
   在 System.Windows.Forms.ContainerControl.WndProc(Message& m)
   在 System.Windows.Forms.Form.WmShowWindow(Message& m)
   在 System.Windows.Forms.Form.WndProc(Message& m)
   在 System.Windows.Forms.Control.ControlNativeWindow.OnMessage(Message& m)
   在 System.Windows.Forms.Control.ControlNativeWindow.WndProc(Message& m)
   在 System.Windows.Forms.NativeWindow.Callback(IntPtr hWnd, Int32 msg, IntPtr wparam, IntPtr lparam)
【异常办法】：MySql.Data.MySqlClient.MySqlPacket ReadPacket()
***************************************************************

2015-05-22 11:11:53：****************************异常文本****************************
【呈现时候】：2015-05-22 11:11:53
【异常类型】：MySqlException
【异常信息】：Unknown column 'startBusinessCtl' in 'field list'
【堆栈调用】：   在 MySql.Data.MySqlClient.MySqlStream.ReadPacket()
   在 MySql.Data.MySqlClient.NativeDriver.GetResult(Int32& affectedRow, Int64& insertedId)
   在 MySql.Data.MySqlClient.Driver.GetResult(Int32 statementId, Int32& affectedRows, Int64& insertedId)
   在 MySql.Data.MySqlClient.Driver.NextResult(Int32 statementId, Boolean force)
   在 MySql.Data.MySqlClient.MySqlDataReader.NextResult()
   在 MySql.Data.MySqlClient.MySqlCommand.ExecuteReader(CommandBehavior behavior)
   在 MySql.Data.MySqlClient.MySqlCommand.ExecuteDbDataReader(CommandBehavior behavior)
   在 System.Data.Common.DbCommand.System.Data.IDbCommand.ExecuteReader()
   在 ServiceStack.OrmLite.OrmLiteCommand.ExecuteReader()
   在 ServiceStack.OrmLite.OrmLiteReadCommandExtensions.ExecReader(IDbCommand dbCmd, String sql)
   在 ServiceStack.OrmLite.OrmLiteResultsFilterExtensions.ExprConvertToList[T](IDbCommand dbCmd, String sql)
   在 ServiceStack.OrmLite.ReadExpressionCommandExtensions.Select[T](IDbCommand dbCmd, Expression`1 predicate)
   在 ServiceStack.OrmLite.OrmLiteReadExpressionsApi.<>c__DisplayClass1`1.<Select>b__0(IDbCommand dbCmd)
   在 ServiceStack.OrmLite.OrmLiteExecFilter.Exec[T](IDbConnection dbConn, Func`2 filter)
   在 ServiceStack.OrmLite.OrmLiteReadExpressionsApi.Exec[T](IDbConnection dbConn, Func`2 filter)
   在 ServiceStack.OrmLite.OrmLiteReadExpressionsApi.Select[T](IDbConnection dbConn, Expression`1 predicate)
   在 Utility.KyDataOperation.GetMachineWithNodeIds(Int32[] nodeIds) 位置 E:\TCPServer\Utility\KyDataOperation.cs:行号 310
   在 NodeServerAndManager.NodeManager.StartTcpServer() 位置 E:\TCPServer\NodeServerAndManager\NodeManager.cs:行号 123
   在 NodeServerAndManager.NodeManager.NodeManager_Load(Object sender, EventArgs e) 位置 E:\TCPServer\NodeServerAndManager\NodeManager.cs:行号 237
   在 System.Windows.Forms.Form.OnLoad(EventArgs e)
   在 System.Windows.Forms.Form.OnCreateControl()
   在 System.Windows.Forms.Control.CreateControl(Boolean fIgnoreVisible)
   在 System.Windows.Forms.Control.CreateControl()
   在 System.Windows.Forms.Control.WmShowWindow(Message& m)
   在 System.Windows.Forms.Control.WndProc(Message& m)
   在 System.Windows.Forms.ScrollableControl.WndProc(Message& m)
   在 System.Windows.Forms.ContainerControl.WndProc(Message& m)
   在 System.Windows.Forms.Form.WmShowWindow(Message& m)
   在 System.Windows.Forms.Form.WndProc(Message& m)
   在 System.Windows.Forms.Control.ControlNativeWindow.OnMessage(Message& m)
   在 System.Windows.Forms.Control.ControlNativeWindow.WndProc(Message& m)
   在 System.Windows.Forms.NativeWindow.Callback(IntPtr hWnd, Int32 msg, IntPtr wparam, IntPtr lparam)
【异常办法】：MySql.Data.MySqlClient.MySqlPacket ReadPacket()
***************************************************************

2015-05-22 11:21:48：****************************异常文本****************************
【呈现时候】：2015-05-22 11:21:48
【异常类型】：MySqlException
【异常信息】：Unknown column 'dateTime' in 'field list'
【堆栈调用】：   在 MySql.Data.MySqlClient.MySqlStream.ReadPacket()
   在 MySql.Data.MySqlClient.NativeDriver.GetResult(Int32& affectedRow, Int64& insertedId)
   在 MySql.Data.MySqlClient.Driver.GetResult(Int32 statementId, Int32& affectedRows, Int64& insertedId)
   在 MySql.Data.MySqlClient.Driver.NextResult(Int32 statementId, Boolean force)
   在 MySql.Data.MySqlClient.MySqlDataReader.NextResult()
   在 MySql.Data.MySqlClient.MySqlCommand.ExecuteReader(CommandBehavior behavior)
   在 MySql.Data.MySqlClient.MySqlCommand.ExecuteDbDataReader(CommandBehavior behavior)
   在 System.Data.Common.DbCommand.System.Data.IDbCommand.ExecuteReader()
   在 ServiceStack.OrmLite.OrmLiteCommand.ExecuteReader()
   在 ServiceStack.OrmLite.OrmLiteReadCommandExtensions.ExecReader(IDbCommand dbCmd, String sql)
   在 ServiceStack.OrmLite.OrmLiteResultsFilterExtensions.ExprConvertToList[T](IDbCommand dbCmd, String sql)
   在 ServiceStack.OrmLite.ReadExpressionCommandExtensions.Select[T](IDbCommand dbCmd, Expression`1 predicate)
   在 ServiceStack.OrmLite.OrmLiteReadExpressionsApi.<>c__DisplayClass1`1.<Select>b__0(IDbCommand dbCmd)
   在 ServiceStack.OrmLite.OrmLiteExecFilter.Exec[T](IDbConnection dbConn, Func`2 filter)
   在 ServiceStack.OrmLite.OrmLiteReadExpressionsApi.Exec[T](IDbConnection dbConn, Func`2 filter)
   在 ServiceStack.OrmLite.OrmLiteReadExpressionsApi.Select[T](IDbConnection dbConn, Expression`1 predicate)
   在 Utility.KyDataOperation.GetMachineWithNodeIds(Int32[] nodeIds) 位置 E:\TCPServer\Utility\KyDataOperation.cs:行号 310
   在 NodeServerAndManager.NodeManager.StartTcpServer() 位置 E:\TCPServer\NodeServerAndManager\NodeManager.cs:行号 123
   在 NodeServerAndManager.NodeManager.NodeManager_Load(Object sender, EventArgs e) 位置 E:\TCPServer\NodeServerAndManager\NodeManager.cs:行号 237
   在 System.Windows.Forms.Form.OnLoad(EventArgs e)
   在 System.Windows.Forms.Form.OnCreateControl()
   在 System.Windows.Forms.Control.CreateControl(Boolean fIgnoreVisible)
   在 System.Windows.Forms.Control.CreateControl()
   在 System.Windows.Forms.Control.WmShowWindow(Message& m)
   在 System.Windows.Forms.Control.WndProc(Message& m)
   在 System.Windows.Forms.ScrollableControl.WndProc(Message& m)
   在 System.Windows.Forms.ContainerControl.WndProc(Message& m)
   在 System.Windows.Forms.Form.WmShowWindow(Message& m)
   在 System.Windows.Forms.Form.WndProc(Message& m)
   在 System.Windows.Forms.Control.ControlNativeWindow.OnMessage(Message& m)
   在 System.Windows.Forms.Control.ControlNativeWindow.WndProc(Message& m)
   在 System.Windows.Forms.NativeWindow.Callback(IntPtr hWnd, Int32 msg, IntPtr wparam, IntPtr lparam)
【异常办法】：MySql.Data.MySqlClient.MySqlPacket ReadPacket()
***************************************************************

