2015-05-23 10:22:34：****************************异常文本****************************
【呈现时候】：2015-05-23 10:22:34
【异常类型】：ArgumentOutOfRangeException
【异常信息】：InvalidArgument=“1”的值对于“index”无效。
参数名: index
【堆栈调用】：   在 System.Windows.Forms.CheckedListBox.SetItemCheckState(Int32 index, CheckState value)
   在 System.Windows.Forms.CheckedListBox.SetItemChecked(Int32 index, Boolean value)
   在 NodeServerAndManager.BaseWinform.ServerSettings.ServerSettings_Load(Object sender, EventArgs e) 位置 E:\TCPServer\NodeServerAndManager\BaseWinform\ServerSettings.cs:行号 61
   在 System.Windows.Forms.Form.OnLoad(EventArgs e)
   在 System.Windows.Forms.Form.OnCreateControl()
   在 System.Windows.Forms.Control.CreateControl(Boolean fIgnoreVisible)
   在 System.Windows.Forms.Control.CreateControl()
   在 System.Windows.Forms.Control.WmShowWindow(Message& m)
   在 System.Windows.Forms.Control.WndProc(Message& m)
   在 System.Windows.Forms.ScrollableControl.WndProc(Message& m)
   在 System.Windows.Forms.ContainerControl.WndProc(Message& m)
   在 System.Windows.Forms.Form.WmShowWindow(Message& m)
   在 System.Windows.Forms.Form.WndProc(Message& m)
   在 System.Windows.Forms.Control.ControlNativeWindow.OnMessage(Message& m)
   在 System.Windows.Forms.Control.ControlNativeWindow.WndProc(Message& m)
   在 System.Windows.Forms.NativeWindow.Callback(IntPtr hWnd, Int32 msg, IntPtr wparam, IntPtr lparam)
【异常办法】：Void SetItemCheckState(Int32, System.Windows.Forms.CheckState)
***************************************************************

2015-05-23 10:23:36：****************************异常文本****************************
【呈现时候】：2015-05-23 10:23:36
【异常类型】：ArgumentOutOfRangeException
【异常信息】：InvalidArgument=“1”的值对于“index”无效。
参数名: index
【堆栈调用】：   在 System.Windows.Forms.CheckedListBox.SetItemCheckState(Int32 index, CheckState value)
   在 System.Windows.Forms.CheckedListBox.SetItemChecked(Int32 index, Boolean value)
   在 NodeServerAndManager.BaseWinform.ServerSettings.ServerSettings_Load(Object sender, EventArgs e) 位置 E:\TCPServer\NodeServerAndManager\BaseWinform\ServerSettings.cs:行号 61
   在 System.Windows.Forms.Form.OnLoad(EventArgs e)
   在 System.Windows.Forms.Form.OnCreateControl()
   在 System.Windows.Forms.Control.CreateControl(Boolean fIgnoreVisible)
   在 System.Windows.Forms.Control.CreateControl()
   在 System.Windows.Forms.Control.WmShowWindow(Message& m)
   在 System.Windows.Forms.Control.WndProc(Message& m)
   在 System.Windows.Forms.ScrollableControl.WndProc(Message& m)
   在 System.Windows.Forms.ContainerControl.WndProc(Message& m)
   在 System.Windows.Forms.Form.WmShowWindow(Message& m)
   在 System.Windows.Forms.Form.WndProc(Message& m)
   在 System.Windows.Forms.Control.ControlNativeWindow.OnMessage(Message& m)
   在 System.Windows.Forms.Control.ControlNativeWindow.WndProc(Message& m)
   在 System.Windows.Forms.NativeWindow.Callback(IntPtr hWnd, Int32 msg, IntPtr wparam, IntPtr lparam)
【异常办法】：Void SetItemCheckState(Int32, System.Windows.Forms.CheckState)
***************************************************************

2015-05-23 10:30:00：****************************异常文本****************************
【呈现时候】：2015-05-23 10:30:00
【异常类型】：ArgumentOutOfRangeException
【异常信息】：InvalidArgument=“1”的值对于“index”无效。
参数名: index
【堆栈调用】：   在 System.Windows.Forms.CheckedListBox.SetItemCheckState(Int32 index, CheckState value)
   在 System.Windows.Forms.CheckedListBox.SetItemChecked(Int32 index, Boolean value)
   在 NodeServerAndManager.BaseWinform.ServerSettings.ServerSettings_Load(Object sender, EventArgs e) 位置 E:\TCPServer\NodeServerAndManager\BaseWinform\ServerSettings.cs:行号 61
   在 System.Windows.Forms.Form.OnLoad(EventArgs e)
   在 System.Windows.Forms.Form.OnCreateControl()
   在 System.Windows.Forms.Control.CreateControl(Boolean fIgnoreVisible)
   在 System.Windows.Forms.Control.CreateControl()
   在 System.Windows.Forms.Control.WmShowWindow(Message& m)
   在 System.Windows.Forms.Control.WndProc(Message& m)
   在 System.Windows.Forms.ScrollableControl.WndProc(Message& m)
   在 System.Windows.Forms.ContainerControl.WndProc(Message& m)
   在 System.Windows.Forms.Form.WmShowWindow(Message& m)
   在 System.Windows.Forms.Form.WndProc(Message& m)
   在 System.Windows.Forms.Control.ControlNativeWindow.OnMessage(Message& m)
   在 System.Windows.Forms.Control.ControlNativeWindow.WndProc(Message& m)
   在 System.Windows.Forms.NativeWindow.Callback(IntPtr hWnd, Int32 msg, IntPtr wparam, IntPtr lparam)
【异常办法】：Void SetItemCheckState(Int32, System.Windows.Forms.CheckState)
***************************************************************

2015-05-23 10:48:04：****************************异常文本****************************
【呈现时候】：2015-05-23 10:48:04
【异常类型】：InvalidCastException
【异常信息】：无法将类型为“KyModel.ky_node”的对象强制转换为类型“System.Data.DataRowView”。
【堆栈调用】：   在 NodeServerAndManager.BaseWinform.ServerSettings.btn_Confirm_Click(Object sender, EventArgs e) 位置 E:\TCPServer\NodeServerAndManager\BaseWinform\ServerSettings.cs:行号 103
   在 System.Windows.Forms.Control.OnClick(EventArgs e)
   在 System.Windows.Forms.Button.OnClick(EventArgs e)
   在 System.Windows.Forms.Button.OnMouseUp(MouseEventArgs mevent)
   在 System.Windows.Forms.Control.WmMouseUp(Message& m, MouseButtons button, Int32 clicks)
   在 System.Windows.Forms.Control.WndProc(Message& m)
   在 System.Windows.Forms.ButtonBase.WndProc(Message& m)
   在 System.Windows.Forms.Button.WndProc(Message& m)
   在 System.Windows.Forms.Control.ControlNativeWindow.OnMessage(Message& m)
   在 System.Windows.Forms.Control.ControlNativeWindow.WndProc(Message& m)
   在 System.Windows.Forms.NativeWindow.Callback(IntPtr hWnd, Int32 msg, IntPtr wparam, IntPtr lparam)
【异常办法】：Void btn_Confirm_Click(System.Object, System.EventArgs)
***************************************************************

2015-05-23 10:48:24：****************************异常文本****************************
【呈现时候】：2015-05-23 10:48:24
【异常类型】：InvalidCastException
【异常信息】：无法将类型为“KyModel.ky_node”的对象强制转换为类型“System.Data.DataRowView”。
【堆栈调用】：   在 NodeServerAndManager.BaseWinform.ServerSettings.btn_Confirm_Click(Object sender, EventArgs e) 位置 E:\TCPServer\NodeServerAndManager\BaseWinform\ServerSettings.cs:行号 103
   在 System.Windows.Forms.Control.OnClick(EventArgs e)
   在 System.Windows.Forms.Button.OnClick(EventArgs e)
   在 System.Windows.Forms.Button.OnMouseUp(MouseEventArgs mevent)
   在 System.Windows.Forms.Control.WmMouseUp(Message& m, MouseButtons button, Int32 clicks)
   在 System.Windows.Forms.Control.WndProc(Message& m)
   在 System.Windows.Forms.ButtonBase.WndProc(Message& m)
   在 System.Windows.Forms.Button.WndProc(Message& m)
   在 System.Windows.Forms.Control.ControlNativeWindow.OnMessage(Message& m)
   在 System.Windows.Forms.Control.ControlNativeWindow.WndProc(Message& m)
   在 System.Windows.Forms.NativeWindow.Callback(IntPtr hWnd, Int32 msg, IntPtr wparam, IntPtr lparam)
【异常办法】：Void btn_Confirm_Click(System.Object, System.EventArgs)
***************************************************************

