2015-05-28 20:07:18：****************************异常文本****************************
【呈现时候】：2015-05-28 20:07:18
【异常类型】：ThreadAbortException
【异常信息】：正在中止线程。
【堆栈调用】：   在 System.Threading.Thread.AbortInternal()
   在 System.Threading.Thread.Abort()
   在 MyTcpServer.TcpServer.RecMsg(Object sokConnectionparn) 位置 E:\TCPServer\TcpServer\TcpServer.cs:行号 389
【异常办法】：Void AbortInternal()
***************************************************************

2015-05-28 20:07:22：****************************异常文本****************************
【呈现时候】：2015-05-28 20:07:22
【异常类型】：ThreadAbortException
【异常信息】：正在中止线程。
【堆栈调用】：   在 System.Threading.Thread.AbortInternal()
   在 System.Threading.Thread.Abort()
   在 MyTcpServer.TcpServer.RecMsg(Object sokConnectionparn) 位置 E:\TCPServer\TcpServer\TcpServer.cs:行号 389
【异常办法】：Void AbortInternal()
***************************************************************

2015-05-28 20:07:32：****************************异常文本****************************
【呈现时候】：2015-05-28 20:07:32
【异常类型】：ThreadAbortException
【异常信息】：正在中止线程。
【堆栈调用】：   在 System.Threading.Thread.AbortInternal()
   在 System.Threading.Thread.Abort()
   在 MyTcpServer.TcpServer.RecMsg(Object sokConnectionparn) 位置 E:\TCPServer\TcpServer\TcpServer.cs:行号 389
【异常办法】：Void AbortInternal()
***************************************************************

2015-05-28 20:07:37：****************************异常文本****************************
【呈现时候】：2015-05-28 20:07:37
【异常类型】：ThreadAbortException
【异常信息】：正在中止线程。
【堆栈调用】：   在 System.Threading.Thread.AbortInternal()
   在 System.Threading.Thread.Abort()
   在 MyTcpServer.TcpServer.RecMsg(Object sokConnectionparn) 位置 E:\TCPServer\TcpServer\TcpServer.cs:行号 389
【异常办法】：Void AbortInternal()
***************************************************************

2015-05-28 20:24:15：****************************异常文本****************************
【呈现时候】：2015-05-28 20:24:15
【异常类型】：ThreadAbortException
【异常信息】：正在中止线程。
【堆栈调用】：   在 System.Threading.Thread.AbortInternal()
   在 System.Threading.Thread.Abort()
   在 MyTcpServer.TcpServer.RecMsg(Object sokConnectionparn) 位置 E:\TCPServer\TcpServer\TcpServer.cs:行号 389
【异常办法】：Void AbortInternal()
***************************************************************

2015-05-28 20:24:34：****************************异常文本****************************
【呈现时候】：2015-05-28 20:24:34
【异常类型】：ThreadAbortException
【异常信息】：正在中止线程。
【堆栈调用】：   在 System.Threading.Thread.AbortInternal()
   在 System.Threading.Thread.Abort()
   在 MyTcpServer.TcpServer.RecMsg(Object sokConnectionparn) 位置 E:\TCPServer\TcpServer\TcpServer.cs:行号 389
【异常办法】：Void AbortInternal()
***************************************************************

2015-05-28 20:24:40：****************************异常文本****************************
【呈现时候】：2015-05-28 20:24:40
【异常类型】：ThreadAbortException
【异常信息】：正在中止线程。
【堆栈调用】：   在 System.Threading.Thread.AbortInternal()
   在 System.Threading.Thread.Abort()
   在 MyTcpServer.TcpServer.RecMsg(Object sokConnectionparn) 位置 E:\TCPServer\TcpServer\TcpServer.cs:行号 389
【异常办法】：Void AbortInternal()
***************************************************************

2015-05-28 20:24:50：****************************异常文本****************************
【呈现时候】：2015-05-28 20:24:50
【异常类型】：ThreadAbortException
【异常信息】：正在中止线程。
【堆栈调用】：   在 System.Threading.Thread.AbortInternal()
   在 System.Threading.Thread.Abort()
   在 MyTcpServer.TcpServer.RecMsg(Object sokConnectionparn) 位置 E:\TCPServer\TcpServer\TcpServer.cs:行号 389
【异常办法】：Void AbortInternal()
***************************************************************

2015-05-28 20:24:56：****************************异常文本****************************
【呈现时候】：2015-05-28 20:24:56
【异常类型】：ThreadAbortException
【异常信息】：正在中止线程。
【堆栈调用】：   在 System.Threading.Thread.AbortInternal()
   在 System.Threading.Thread.Abort()
   在 MyTcpServer.TcpServer.RecMsg(Object sokConnectionparn) 位置 E:\TCPServer\TcpServer\TcpServer.cs:行号 389
【异常办法】：Void AbortInternal()
***************************************************************

2015-05-28 20:25:02：****************************异常文本****************************
【呈现时候】：2015-05-28 20:25:02
【异常类型】：ThreadAbortException
【异常信息】：正在中止线程。
【堆栈调用】：   在 System.Threading.Thread.AbortInternal()
   在 System.Threading.Thread.Abort()
   在 MyTcpServer.TcpServer.RecMsg(Object sokConnectionparn) 位置 E:\TCPServer\TcpServer\TcpServer.cs:行号 389
【异常办法】：Void AbortInternal()
***************************************************************

2015-05-28 20:30:45：****************************异常文本****************************
【呈现时候】：2015-05-28 20:30:45
【异常类型】：ThreadAbortException
【异常信息】：正在中止线程。
【堆栈调用】：   在 System.Threading.Thread.AbortInternal()
   在 System.Threading.Thread.Abort()
   在 MyTcpServer.TcpServer.RecMsg(Object sokConnectionparn) 位置 E:\TCPServer\TcpServer\TcpServer.cs:行号 389
【异常办法】：Void AbortInternal()
***************************************************************

2015-05-28 20:31:12：****************************异常文本****************************
【呈现时候】：2015-05-28 20:31:12
【异常类型】：ThreadAbortException
【异常信息】：正在中止线程。
【堆栈调用】：   在 System.Threading.Thread.AbortInternal()
   在 System.Threading.Thread.Abort()
   在 MyTcpServer.TcpServer.RecMsg(Object sokConnectionparn) 位置 E:\TCPServer\TcpServer\TcpServer.cs:行号 389
【异常办法】：Void AbortInternal()
***************************************************************

2015-05-28 20:43:13：****************************异常文本****************************
【呈现时候】：2015-05-28 20:43:13
【异常类型】：ThreadAbortException
【异常信息】：正在中止线程。
【堆栈调用】：   在 System.Threading.Thread.AbortInternal()
   在 System.Threading.Thread.Abort()
   在 MyTcpServer.TcpServer.RecMsg(Object sokConnectionparn) 位置 E:\TCPServer\TcpServer\TcpServer.cs:行号 388
【异常办法】：Void AbortInternal()
***************************************************************

2015-05-28 20:49:01：****************************异常文本****************************
【呈现时候】：2015-05-28 20:49:01
【异常类型】：ThreadAbortException
【异常信息】：正在中止线程。
【堆栈调用】：   在 System.Threading.Thread.AbortInternal()
   在 System.Threading.Thread.Abort()
   在 MyTcpServer.TcpServer.RecMsg(Object sokConnectionparn) 位置 E:\TCPServer\TcpServer\TcpServer.cs:行号 388
【异常办法】：Void AbortInternal()
***************************************************************

2015-05-28 20:49:07：****************************异常文本****************************
【呈现时候】：2015-05-28 20:49:07
【异常类型】：ThreadAbortException
【异常信息】：正在中止线程。
【堆栈调用】：   在 System.Threading.Thread.AbortInternal()
   在 System.Threading.Thread.Abort()
   在 MyTcpServer.TcpServer.RecMsg(Object sokConnectionparn) 位置 E:\TCPServer\TcpServer\TcpServer.cs:行号 388
【异常办法】：Void AbortInternal()
***************************************************************

2015-05-28 20:49:13：****************************异常文本****************************
【呈现时候】：2015-05-28 20:49:13
【异常类型】：ThreadAbortException
【异常信息】：正在中止线程。
【堆栈调用】：   在 System.Threading.Thread.AbortInternal()
   在 System.Threading.Thread.Abort()
   在 MyTcpServer.TcpServer.RecMsg(Object sokConnectionparn) 位置 E:\TCPServer\TcpServer\TcpServer.cs:行号 388
【异常办法】：Void AbortInternal()
***************************************************************

2015-05-28 20:49:56：****************************异常文本****************************
【呈现时候】：2015-05-28 20:49:56
【异常类型】：ThreadAbortException
【异常信息】：正在中止线程。
【堆栈调用】：   在 System.Threading.Thread.AbortInternal()
   在 System.Threading.Thread.Abort()
   在 MyTcpServer.TcpServer.RecMsg(Object sokConnectionparn) 位置 E:\TCPServer\TcpServer\TcpServer.cs:行号 388
【异常办法】：Void AbortInternal()
***************************************************************

2015-05-28 20:50:56：****************************异常文本****************************
【呈现时候】：2015-05-28 20:50:56
【异常类型】：ThreadAbortException
【异常信息】：正在中止线程。
【堆栈调用】：   在 System.Threading.Thread.AbortInternal()
   在 System.Threading.Thread.Abort()
   在 MyTcpServer.TcpServer.RecMsg(Object sokConnectionparn) 位置 E:\TCPServer\TcpServer\TcpServer.cs:行号 388
【异常办法】：Void AbortInternal()
***************************************************************

2015-05-28 20:54:16：****************************异常文本****************************
【呈现时候】：2015-05-28 20:54:16
【异常类型】：ThreadAbortException
【异常信息】：正在中止线程。
【堆栈调用】：   在 System.Threading.Thread.AbortInternal()
   在 System.Threading.Thread.Abort()
   在 MyTcpServer.TcpServer.RecMsg(Object sokConnectionparn) 位置 E:\TCPServer\TcpServer\TcpServer.cs:行号 388
【异常办法】：Void AbortInternal()
***************************************************************

2015-05-28 21:06:29：****************************异常文本****************************
【呈现时候】：2015-05-28 21:06:29
【异常类型】：ThreadAbortException
【异常信息】：正在中止线程。
【堆栈调用】：   在 System.Threading.Thread.AbortInternal()
   在 System.Threading.Thread.Abort()
   在 MyTcpServer.TcpServer.RecMsg(Object sokConnectionparn) 位置 E:\TCPServer\TcpServer\TcpServer.cs:行号 388
【异常办法】：Void AbortInternal()
***************************************************************

2015-05-28 21:09:08：****************************异常文本****************************
【呈现时候】：2015-05-28 21:09:08
【异常类型】：ThreadAbortException
【异常信息】：正在中止线程。
【堆栈调用】：   在 System.Threading.Thread.AbortInternal()
   在 System.Threading.Thread.Abort()
   在 MyTcpServer.TcpServer.RecMsg(Object sokConnectionparn) 位置 E:\TCPServer\TcpServer\TcpServer.cs:行号 388
【异常办法】：Void AbortInternal()
***************************************************************

2015-05-28 21:12:49：****************************异常文本****************************
【呈现时候】：2015-05-28 21:12:49
【异常类型】：ThreadAbortException
【异常信息】：正在中止线程。
【堆栈调用】：   在 System.Threading.Thread.AbortInternal()
   在 System.Threading.Thread.Abort()
   在 MyTcpServer.TcpServer.RecMsg(Object sokConnectionparn) 位置 E:\TCPServer\TcpServer\TcpServer.cs:行号 388
【异常办法】：Void AbortInternal()
***************************************************************

2015-05-28 21:16:03：****************************异常文本****************************
【呈现时候】：2015-05-28 21:16:03
【异常类型】：ThreadAbortException
【异常信息】：正在中止线程。
【堆栈调用】：   在 System.Threading.Thread.AbortInternal()
   在 System.Threading.Thread.Abort()
   在 MyTcpServer.TcpServer.RecMsg(Object sokConnectionparn) 位置 E:\TCPServer\TcpServer\TcpServer.cs:行号 388
【异常办法】：Void AbortInternal()
***************************************************************

2015-05-28 21:16:34：****************************异常文本****************************
【呈现时候】：2015-05-28 21:16:34
【异常类型】：ThreadAbortException
【异常信息】：正在中止线程。
【堆栈调用】：   在 System.Threading.Thread.AbortInternal()
   在 System.Threading.Thread.Abort()
   在 MyTcpServer.TcpServer.RecMsg(Object sokConnectionparn) 位置 E:\TCPServer\TcpServer\TcpServer.cs:行号 388
【异常办法】：Void AbortInternal()
***************************************************************

